<?xml version="1.0" encoding="UTF-8"?>
<!-- Generated by org.testng.reporters.JUnitXMLReporter -->
<testsuite ignored="0" hostname="DESKTOP-GJMFF2T" failures="0" tests="3" name="Test" time="47.437" errors="0" timestamp="2022-08-07T15:18:08 IST">
  <testcase classname="com.Angelone.Testpackage.TC01VarifyLoginFunctionality" name="method" time="0.046"/>
  <testcase classname="com.Angelone.Testpackage.TC02VarifyWeAreAbleToSelectSymbolORnot" name="selectSymbol" time="10.609"/>
  <testcase classname="com.Angelone.Testpackage.TC03verifyLogOutfunctionality" name="VerifyLogOutFunctionality" time="3.025"/>
</testsuite> <!-- Test -->
